1711478701465: GET /book
1711478701635: GET /favicon.ico
1711479681324: GET /book
1711479681504: GET /favicon.ico
1711479683571: GET /book/86a09c63-7282-4830-a2f7-8ddfd12d1ccb
1711479795379: GET /book/
1711479795530: GET /book
1711479795795: GET /favicon.ico
1711479797557: GET /book/d77f7aae-f415-434b-a0e8-a94946bc5054
1711479898311: GET /book
1711479898575: GET /favicon.ico
1711479900213: GET /book/365a8302-831f-478a-98d1-614e2b9393ab
1711479900263: GET /favicon.ico
1711479903147: GET /book/update/365a8302-831f-478a-98d1-614e2b9393ab
1711479903192: GET /favicon.ico
1711479904091: POST /book/update/365a8302-831f-478a-98d1-614e2b9393ab
1711479904098: GET /book/365a8302-831f-478a-98d1-614e2b9393ab
1711479904134: GET /favicon.ico
1711479905759: GET /book
1711479905797: GET /favicon.ico
1711480080048: GET /book
1711480080159: GET /favicon.ico
1711480082877: GET /book/86a9abf7-04a8-46aa-a34f-89864014e801
1711480082914: GET /favicon.ico
1711480084546: GET /book
1711480084586: GET /favicon.ico
1711481515423: GET /book
1711481515615: GET /favicon.ico
1711481517242: GET /book/55e1dde2-8976-4f89-af34-a9f198bc550b
1711481517308: GET /favicon.ico
1711481518469: GET /book/update/55e1dde2-8976-4f89-af34-a9f198bc550b
1711481518520: GET /favicon.ico
1711481519398: POST /book/update/55e1dde2-8976-4f89-af34-a9f198bc550b
1711481519405: GET /book/55e1dde2-8976-4f89-af34-a9f198bc550b
1711481519458: GET /favicon.ico
